[debug] > Exec(early(addDefaultCommands), None, None)
[debug] > Exec(addDefaultCommands, None, None)
[debug] > Exec(early(initialize), None, None)
[debug] > Exec(initialize, None, None)
[debug] > Exec(boot, None, None)
[debug] > Exec(writeSbtVersion, None, None)
[debug] > Exec(reload, None, None)
[debug] > Exec(sbtStashOnFailure, None, None)
[debug] > Exec(onFailure loadFailed, None, None)
[debug] > Exec(loadp, None, None)
[info] welcome to sbt 1.9.9 (Amazon.com Inc. Java 1.8.0_432)
[debug] Load.defaultLoad until apply took 48.244833ms
[debug]           Load.loadUnit: plugins took 44.624958ms
[debug]           Load.loadUnit: defsScala took 0.245583ms
[debug] [Loading] Scanning directory /Users/nassimsahib/Desktop/sda_2024_test/project
[debug] [Loading] Found non-root projects 
[debug] [Loading] Done in /Users/nassimsahib/Desktop/sda_2024_test/project, returning: ()
[debug] deducing auto plugins based on known facts Set(Atom(sbt.plugins.CorePlugin)) and clauses Clauses(Clause(Atom(sbt.plugins.JvmPlugin),Set(Atom(sbt.plugins.IvyPlugin)))
[debug] Clause(Atom(sbt.ScriptedPlugin),Set(Atom(sbt.plugins.JvmPlugin)))
[debug] Clause(Atom(sbt.plugins.SbtPlugin),Set(Atom(sbt.ScriptedPlugin)))
[debug] Clause(Atom(sbt.plugins.SemanticdbPlugin),Set(Atom(sbt.plugins.JvmPlugin)))
[debug] Clause(Atom(sbt.plugins.JUnitXmlReportPlugin),Set(Atom(sbt.plugins.JvmPlugin)))
[debug] Clause(Atom(sbt.plugins.MiniDependencyTreePlugin),Set(Atom(sbt.plugins.JvmPlugin)))
[debug] Clause(Atom(sbt.plugins.CorePlugin),Set(Atom(sbt.plugins.IvyPlugin)))
[debug] Clause(Atom(sbt.plugins.IvyPlugin),Set(Atom(sbt.plugins.JvmPlugin)))
[debug] Clause(Atom(sbt.plugins.JvmPlugin),Set(Atom(sbt.plugins.SemanticdbPlugin)))
[debug] Clause(Atom(sbt.plugins.JvmPlugin),Set(Atom(sbt.plugins.JUnitXmlReportPlugin)))
[debug] Clause(Atom(sbt.plugins.CorePlugin),Set(Atom(sbt.plugins.Giter8TemplatePlugin)))
[debug] Clause(Atom(sbt.plugins.JvmPlugin),Set(Atom(sbt.plugins.MiniDependencyTreePlugin))))
[debug]   :: deduced result: Matched(sbt.plugins.CorePlugin,sbt.plugins.Giter8TemplatePlugin,sbt.plugins.IvyPlugin,sbt.plugins.JvmPlugin,sbt.plugins.MiniDependencyTreePlugin,sbt.plugins.JUnitXmlReportPlugin,sbt.plugins.SemanticdbPlugin)
[debug] Plugins.deducer#function took 7.885666 ms
[debug]               Load.resolveProject(sda_2024_test-build) took 23.764542ms
[debug]             Load.loadTransitive: finalizeProject(Project(id sda_2024_test-build, base: /Users/nassimsahib/Desktop/sda_2024_test/project, plugins: List(<none>))) took 46.66975ms
[debug] [Loading] Done in /Users/nassimsahib/Desktop/sda_2024_test/project, returning: (sda_2024_test-build)
[debug]           Load.loadUnit: loadedProjectsRaw took 54.582042ms
[debug]           Load.loadUnit: cleanEvalClasses took 0.094083ms
[debug]         Load.loadUnit(file:/Users/nassimsahib/Desktop/sda_2024_test/project/, ...) took 101.596709ms
[debug]       Load.apply: load took 385.823542ms
[debug]       Load.apply: resolveProjects took 4.999916ms
[debug]       Load.apply: finalTransforms took 36.092709ms
[debug]       Load.apply: config.delegates took 4.114709ms
[debug]       Load.apply: Def.make(settings)... took 215.533375ms
[debug]       Load.apply: structureIndex took 54.122458ms
[debug]       Load.apply: mkStreams took 1.156333ms
[info] loading project definition from /Users/nassimsahib/Desktop/sda_2024_test/project
[debug] Running task... Cancel: Signal, check cycles: false, forcegc: true
[debug]     Load.loadUnit: plugins took 1129.252667ms
[debug]     Load.loadUnit: defsScala took 0.002ms
[debug] [Loading] Scanning directory /Users/nassimsahib/Desktop/sda_2024_test
[debug]       Load.loadUnit: mkEval took 4.503167ms
[debug] [Loading] Found non-root projects 
[debug] [Loading] Done in /Users/nassimsahib/Desktop/sda_2024_test, returning: ()
[debug] deducing auto plugins based on known facts Set(Atom(sbt.plugins.CorePlugin)) and clauses Clauses(Clause(Atom(sbt.plugins.JvmPlugin),Set(Atom(sbt.plugins.IvyPlugin)))
[debug] Clause(Atom(sbt.ScriptedPlugin),Set(Atom(sbt.plugins.JvmPlugin)))
[debug] Clause(Atom(sbt.plugins.SbtPlugin),Set(Atom(sbt.ScriptedPlugin)))
[debug] Clause(Atom(sbt.plugins.SemanticdbPlugin),Set(Atom(sbt.plugins.JvmPlugin)))
[debug] Clause(Atom(sbt.plugins.JUnitXmlReportPlugin),Set(Atom(sbt.plugins.JvmPlugin)))
[debug] Clause(Atom(sbt.plugins.MiniDependencyTreePlugin),Set(Atom(sbt.plugins.JvmPlugin)))
[debug] Clause(Atom(sbt.plugins.CorePlugin),Set(Atom(sbt.plugins.IvyPlugin)))
[debug] Clause(Atom(sbt.plugins.IvyPlugin),Set(Atom(sbt.plugins.JvmPlugin)))
[debug] Clause(Atom(sbt.plugins.JvmPlugin),Set(Atom(sbt.plugins.SemanticdbPlugin)))
[debug] Clause(Atom(sbt.plugins.JvmPlugin),Set(Atom(sbt.plugins.JUnitXmlReportPlugin)))
[debug] Clause(Atom(sbt.plugins.CorePlugin),Set(Atom(sbt.plugins.Giter8TemplatePlugin)))
[debug] Clause(Atom(sbt.plugins.JvmPlugin),Set(Atom(sbt.plugins.MiniDependencyTreePlugin))))
[debug]   :: deduced result: Matched(sbt.plugins.CorePlugin,sbt.plugins.Giter8TemplatePlugin,sbt.plugins.IvyPlugin,sbt.plugins.JvmPlugin,sbt.plugins.MiniDependencyTreePlugin,sbt.plugins.JUnitXmlReportPlugin,sbt.plugins.SemanticdbPlugin)
[debug] Plugins.deducer#function took 1.20375 ms
[info] loading settings for project sda_2024_test from build.sbt ...
[debug]         Load.resolveProject(sda_2024_test) took 1.922292ms
[debug]       Load.loadTransitive: finalizeProject(Project(id sda_2024_test, base: /Users/nassimsahib/Desktop/sda_2024_test, plugins: List(<none>))) took 3.727458ms
[debug] [Loading] Done in /Users/nassimsahib/Desktop/sda_2024_test, returning: (sda_2024_test)
[debug]     Load.loadUnit: loadedProjectsRaw took 1374.024875ms
[debug]     Load.loadUnit: cleanEvalClasses took 5.360958ms
[debug]   Load.loadUnit(file:/Users/nassimsahib/Desktop/sda_2024_test/, ...) took 2509.329583ms
[debug] Load.apply: load took 2517.301166ms
[debug] Load.apply: resolveProjects took 0.362084ms
[debug] Load.apply: finalTransforms took 5.372125ms
[debug] Load.apply: config.delegates took 0.294667ms
[debug] Load.apply: Def.make(settings)... took 69.92675ms
[debug] Load.apply: structureIndex took 18.240458ms
[debug] Load.apply: mkStreams took 0.002417ms
[info] set current project to projet_sda_2024 (in build file:/Users/nassimsahib/Desktop/sda_2024_test/)
[debug] > Exec(sbtPopOnFailure, None, None)
[debug] > Exec(resumeFromFailure, None, None)
[debug] > Exec(notifyUsersAboutShell, None, None)
[debug] > Exec(iflast shell, None, None)
[debug] > Exec(shell, None, None)
[info] sbt server started at local:///Users/nassimsahib/.sbt/1.0/server/7f4d291a6e2e5e733de0/sock
[debug] Writing bsp connection file
[info] started sbt server
